<?xml version="1.0" encoding="UTF-8"?>
<!-- Generated by org.testng.reporters.JUnitReportReporter -->
<testsuite skipped="0" hostname="Whirlpool-2.local" name="Com.S2C.BaseClass.AddApplianceTest" tests="2" failures="0" timestamp="24 Sep 2018 13:13:53 GMT" time="59.907" errors="0">
  <testcase name="addApplianceTest" time="21.981" classname="Com.S2C.BaseClass.AddApplianceTest"/>
  <testcase name="testApplianceModelNumbers" time="37.926" classname="Com.S2C.BaseClass.AddApplianceTest"/>
</testsuite> <!-- Com.S2C.BaseClass.AddApplianceTest -->
