<?xml version="1.0" encoding="UTF-8"?>
<!-- Generated by org.testng.reporters.JUnitReportReporter -->
<testsuite skipped="0" hostname="For-Testing.local" name="Com.S2C.BaseClass.LoginPage" tests="2" failures="0" timestamp="03 Sep 2018 05:18:55 GMT" time="52.867" errors="0">
  <testcase name="logintest" time="22.737" classname="Com.S2C.BaseClass.LoginPage"/>
  <testcase name="addApplianceTest" time="30.130" classname="Com.S2C.BaseClass.LoginPage"/>
</testsuite> <!-- Com.S2C.BaseClass.LoginPage -->
